{"level":"info","message":"Posts buscados com sucesso"}
{"level":"info","message":"Posts obtidos com sucesso"}
{"level":"info","message":"Posts obtidos com sucesso"}
{"level":"error","message":"Falha ao buscar as postagems","status":404}
{"level":"info","message":"Posts obtidos com sucesso"}
{"level":"error","message":"Falha ao buscar as postagems","status":404}
{"level":"info","message":"Posts obtidos com sucesso"}
{"level":"info","message":"Posts obtidos com sucesso"}
{"level":"info","message":"Posts obtidos com sucesso"}
{"level":"error","message":"Falha ao buscar as postagems","status":404}
{"level":"info","message":"Posts obtidos com sucesso"}
{"level":"info","message":"Posts obtidos com sucesso"}
{"level":"info","message":"Posts obtidos com sucesso"}
{"level":"info","message":"Posts obtidos com sucesso"}
{"level":"info","message":"Posts obtidos com sucesso"}
{"level":"info","message":"Posts obtidos com sucesso"}
{"level":"error","message":"Ops, algo correu mal: Falha na rede"}
{"level":"error","message":"Ops, ocorreu um erro: Cannot read properties of undefined (reading 'toString')"}
{"level":"info","message":"Posts obtidos com sucesso"}
{"level":"info","message":"Posts obtidos com sucesso"}
{"level":"error","message":"Ops, ocorreu um erro: fetch failed"}
{"level":"error","message":"Ops, ocorreu um erro: fetch failed"}
{"level":"error","message":"Ops, ocorreu um erro: fetch failed"}
{"level":"error","message":"Ops, ocorreu um erro: Failed to parse URL from http://localhost:3042posts?_page=1&_per_page=6"}
{"level":"error","message":"Ops, ocorreu um erro: fetch failed"}
{"level":"error","message":"Ops, ocorreu um erro: fetch failed"}
{"level":"error","message":"Ops, ocorreu um erro: fetch failed"}
{"level":"error","message":"Ops, ocorreu um erro: fetch failed"}
{"level":"error","message":"Ops, ocorreu um erro: fetch failed"}
{"level":"error","message":"Ops, ocorreu um erro: fetch failed"}
{"level":"error","message":"Ops, ocorreu um erro: fetch failed"}
{"level":"error","message":"Ops, ocorreu um erro: fetch failed"}
{"level":"error","message":"Ops, ocorreu um erro: fetch failed"}
{"level":"error","message":"Ops, ocorreu um erro: fetch failed"}
{"level":"error","message":"Ops, ocorreu um erro: fetch failed"}
{"level":"error","message":"Ops, ocorreu um erro: fetch failed"}
{"level":"error","message":"Ops, ocorreu um erro: fetch failed"}
{"level":"error","message":"Ops, ocorreu um erro: fetch failed"}
{"level":"error","message":"Ops, ocorreu um erro: fetch failed"}
{"level":"error","message":"Ops, ocorreu um erro: fetch failed"}
{"level":"error","message":"Ops, ocorreu um erro: fetch failed"}
{"level":"error","message":"Ops, ocorreu um erro: fetch failed"}
{"level":"error","message":"Ops, ocorreu um erro: fetch failed"}
{"level":"error","message":"Ops, ocorreu um erro: fetch failed"}
{"level":"error","message":"Ops, ocorreu um erro: fetch failed"}
{"level":"error","message":"Ops, ocorreu um erro: fetch failed"}
{"level":"error","message":"Ops, ocorreu um erro: fetch failed"}
{"level":"error","message":"Ops, ocorreu um erro: fetch failed"}
{"level":"error","message":"Ops, ocorreu um erro: fetch failed"}
{"level":"error","message":"Ops, ocorreu um erro: fetch failed"}
{"level":"error","message":"Ops, ocorreu um erro: fetch failed"}
{"level":"error","message":"Ops, ocorreu um erro: fetch failed"}
{"level":"error","message":"Ops, ocorreu um erro: fetch failed"}
{"level":"error","message":"Ops, ocorreu um erro: fetch failed"}
{"level":"error","message":"Ops, ocorreu um erro: fetch failed"}
{"level":"error","message":"Ops, ocorreu um erro: fetch failed"}
{"level":"error","message":"Ops, ocorreu um erro: fetch failed"}
{"level":"error","message":"Ops, ocorreu um erro: fetch failed"}
{"level":"error","message":"Ops, ocorreu um erro: fetch failed"}
{"level":"error","message":"Ops, ocorreu um erro: fetch failed"}
{"level":"error","message":"Ops, ocorreu um erro: fetch failed"}
{"level":"error","message":"Ops, ocorreu um erro: fetch failed"}
{"level":"error","message":"Ops, ocorreu um erro: fetch failed"}
{"level":"error","message":"Ops, ocorreu um erro: fetch failed"}
{"level":"error","message":"Ops, ocorreu um erro: fetch failed"}
{"level":"info","message":"Posts obtidos com sucesso"}
{"level":"info","message":"Posts obtidos com sucesso"}
{"level":"info","message":"Posts obtidos com sucesso"}
{"level":"info","message":"Posts obtidos com sucesso"}
{"level":"info","message":"Posts obtidos com sucesso"}
{"level":"info","message":"Posts obtidos com sucesso"}
{"level":"error","message":"Ops, ocorreu um erro: fetch failed"}
{"level":"error","message":"Ops, ocorreu um erro: fetch failed"}
{"level":"info","message":"Posts obtidos com sucesso"}
{"level":"error","message":"Ops, ocorreu um erro: fetch failed"}
{"level":"error","message":"Ops, ocorreu um erro: fetch failed"}
{"level":"error","message":"Ops, ocorreu um erro: fetch failed"}
{"level":"info","message":"Posts obtidos com sucesso"}
{"level":"info","message":"Posts obtidos com sucesso"}
{"level":"info","message":"Posts obtidos com sucesso"}
{"level":"info","message":"Posts obtidos com sucesso"}
{"level":"info","message":"Posts obtidos com sucesso"}
{"level":"info","message":"Posts obtidos com sucesso"}
{"level":"info","message":"Posts obtidos com sucesso"}
{"level":"info","message":"Posts obtidos com sucesso"}
{"level":"info","message":"Posts obtidos com sucesso"}
{"level":"info","message":"Posts obtidos com sucesso"}
{"level":"info","message":"Posts obtidos com sucesso"}
{"level":"info","message":"Posts obtidos com sucesso"}
{"level":"info","message":"Posts obtidos com sucesso"}
{"level":"info","message":"Posts obtidos com sucesso"}
{"level":"info","message":"Posts obtidos com sucesso"}
{"level":"info","message":"Posts obtidos com sucesso"}
{"level":"info","message":"Posts obtidos com sucesso"}
{"level":"info","message":"Posts obtidos com sucesso"}
{"level":"info","message":"Posts obtidos com sucesso"}
{"level":"info","message":"Posts obtidos com sucesso"}
{"level":"info","message":"Posts obtidos com sucesso"}
{"level":"info","message":"Posts obtidos com sucesso"}
{"level":"info","message":"Posts obtidos com sucesso"}
{"level":"info","message":"Posts obtidos com sucesso"}
{"level":"info","message":"Posts obtidos com sucesso"}
{"level":"info","message":"Posts obtidos com sucesso"}
{"level":"info","message":"Posts obtidos com sucesso"}
{"level":"info","message":"Posts obtidos com sucesso"}
{"level":"info","message":"Posts obtidos com sucesso"}
{"level":"info","message":"Posts obtidos com sucesso"}
{"level":"info","message":"Posts obtidos com sucesso"}
{"level":"info","message":"Posts obtidos com sucesso"}
{"level":"info","message":"Posts obtidos com sucesso"}
{"level":"info","message":"Posts obtidos com sucesso"}
{"level":"info","message":"Posts obtidos com sucesso"}
{"level":"info","message":"Posts obtidos com sucesso"}
{"level":"info","message":"Posts obtidos com sucesso"}
{"level":"info","message":"Posts obtidos com sucesso"}
{"level":"info","message":"Posts obtidos com sucesso"}
{"level":"info","message":"Posts obtidos com sucesso"}
{"level":"info","message":"Posts obtidos com sucesso"}
{"level":"info","message":"Posts obtidos com sucesso"}
{"level":"info","message":"Posts obtidos com sucesso"}
{"level":"info","message":"Post obtido com sucesso"}
{"level":"info","message":"Post obtido com sucesso"}
{"level":"info","message":"Post obtido com sucesso"}
{"level":"info","message":"Post obtido com sucesso"}
{"level":"info","message":"Post obtido com sucesso"}
{"level":"info","message":"Post obtido com sucesso"}
{"level":"info","message":"Post obtido com sucesso"}
{"level":"warn","message":"Nenhum post encontrado para o slug: undefined"}
{"level":"info","message":"Post obtido com sucesso"}
{"level":"warn","message":"Nenhum post encontrado para o slug: undefined"}
{"level":"warn","message":"Nenhum post encontrado para o slug: undefined"}
{"level":"info","message":"Post obtido com sucesso"}
{"level":"warn","message":"Nenhum post encontrado para o slug: undefined"}
{"level":"warn","message":"Nenhum post encontrado para o slug: undefined"}
{"level":"warn","message":"Nenhum post encontrado para o slug: undefined"}
{"level":"info","message":"Post obtido com sucesso"}
{"level":"info","message":"Post obtido com sucesso"}
{"level":"warn","message":"Nenhum post encontrado para o slug: [object Promise]"}
{"level":"info","message":"Post obtido com sucesso"}
{"level":"info","message":"Post obtido com sucesso"}
{"level":"info","message":"Post obtido com sucesso"}
{"level":"info","message":"Post obtido com sucesso"}
{"level":"info","message":"Post obtido com sucesso"}
{"level":"info","message":"Post obtido com sucesso"}
{"level":"info","message":"Post obtido com sucesso"}
{"level":"info","message":"Post obtido com sucesso"}
{"level":"info","message":"Post obtido com sucesso"}
{"level":"info","message":"Post obtido com sucesso"}
{"level":"info","message":"Post obtido com sucesso"}
{"level":"info","message":"Post obtido com sucesso"}
{"level":"info","message":"Post obtido com sucesso"}
{"level":"info","message":"Post obtido com sucesso"}
{"level":"info","message":"Post obtido com sucesso"}
{"level":"info","message":"Post obtido com sucesso"}
{"level":"info","message":"Post obtido com sucesso"}
{"level":"info","message":"Post obtido com sucesso"}
{"level":"info","message":"Post obtido com sucesso"}
{"level":"info","message":"Post obtido com sucesso"}
{"level":"info","message":"Post obtido com sucesso"}
{"level":"info","message":"Post obtido com sucesso"}
{"level":"info","message":"Post obtido com sucesso"}
{"level":"info","message":"Post obtido com sucesso"}
{"level":"info","message":"Post obtido com sucesso"}
{"level":"info","message":"Post obtido com sucesso"}
{"level":"info","message":"Post obtido com sucesso"}
{"level":"info","message":"Post obtido com sucesso"}
{"level":"info","message":"Post obtido com sucesso"}
{"level":"info","message":"Post obtido com sucesso"}
{"level":"info","message":"Post obtido com sucesso"}
{"level":"info","message":"Post obtido com sucesso"}
{"level":"info","message":"Post obtido com sucesso"}
{"level":"info","message":"Post obtido com sucesso"}
{"level":"info","message":"Post obtido com sucesso"}
{"level":"info","message":"Post obtido com sucesso"}
{"level":"info","message":"Post obtido com sucesso"}
{"level":"info","message":"Post obtido com sucesso"}
{"level":"info","message":"Post obtido com sucesso"}
{"level":"info","message":"Post obtido com sucesso"}
{"level":"info","message":"Post obtido com sucesso"}
{"level":"info","message":"Post obtido com sucesso"}
{"level":"info","message":"Post obtido com sucesso"}
{"level":"info","message":"Post obtido com sucesso"}
{"level":"info","message":"Post obtido com sucesso"}
{"level":"info","message":"Post obtido com sucesso"}
{"level":"info","message":"Post obtido com sucesso"}
{"level":"info","message":"Post obtido com sucesso"}
{"level":"info","message":"Post obtido com sucesso"}
{"level":"info","message":"Post obtido com sucesso"}
