{"level":"error","message":"Falha ao buscar as postagems","status":404}
{"level":"error","message":"Falha ao buscar as postagems","status":404}
{"level":"error","message":"Falha ao buscar as postagems","status":404}
{"level":"error","message":"Ops, algo correu mal: Falha na rede"}
{"level":"error","message":"Ops, ocorreu um erro: Cannot read properties of undefined (reading 'toString')"}
{"level":"error","message":"Ops, ocorreu um erro: fetch failed"}
{"level":"error","message":"Ops, ocorreu um erro: fetch failed"}
{"level":"error","message":"Ops, ocorreu um erro: fetch failed"}
{"level":"error","message":"Ops, ocorreu um erro: Failed to parse URL from http://localhost:3042posts?_page=1&_per_page=6"}
{"level":"error","message":"Ops, ocorreu um erro: fetch failed"}
{"level":"error","message":"Ops, ocorreu um erro: fetch failed"}
{"level":"error","message":"Ops, ocorreu um erro: fetch failed"}
{"level":"error","message":"Ops, ocorreu um erro: fetch failed"}
{"level":"error","message":"Ops, ocorreu um erro: fetch failed"}
{"level":"error","message":"Ops, ocorreu um erro: fetch failed"}
{"level":"error","message":"Ops, ocorreu um erro: fetch failed"}
{"level":"error","message":"Ops, ocorreu um erro: fetch failed"}
{"level":"error","message":"Ops, ocorreu um erro: fetch failed"}
{"level":"error","message":"Ops, ocorreu um erro: fetch failed"}
{"level":"error","message":"Ops, ocorreu um erro: fetch failed"}
{"level":"error","message":"Ops, ocorreu um erro: fetch failed"}
{"level":"error","message":"Ops, ocorreu um erro: fetch failed"}
{"level":"error","message":"Ops, ocorreu um erro: fetch failed"}
{"level":"error","message":"Ops, ocorreu um erro: fetch failed"}
{"level":"error","message":"Ops, ocorreu um erro: fetch failed"}
{"level":"error","message":"Ops, ocorreu um erro: fetch failed"}
{"level":"error","message":"Ops, ocorreu um erro: fetch failed"}
{"level":"error","message":"Ops, ocorreu um erro: fetch failed"}
{"level":"error","message":"Ops, ocorreu um erro: fetch failed"}
{"level":"error","message":"Ops, ocorreu um erro: fetch failed"}
{"level":"error","message":"Ops, ocorreu um erro: fetch failed"}
{"level":"error","message":"Ops, ocorreu um erro: fetch failed"}
{"level":"error","message":"Ops, ocorreu um erro: fetch failed"}
{"level":"error","message":"Ops, ocorreu um erro: fetch failed"}
{"level":"error","message":"Ops, ocorreu um erro: fetch failed"}
{"level":"error","message":"Ops, ocorreu um erro: fetch failed"}
{"level":"error","message":"Ops, ocorreu um erro: fetch failed"}
{"level":"error","message":"Ops, ocorreu um erro: fetch failed"}
{"level":"error","message":"Ops, ocorreu um erro: fetch failed"}
{"level":"error","message":"Ops, ocorreu um erro: fetch failed"}
{"level":"error","message":"Ops, ocorreu um erro: fetch failed"}
{"level":"error","message":"Ops, ocorreu um erro: fetch failed"}
{"level":"error","message":"Ops, ocorreu um erro: fetch failed"}
{"level":"error","message":"Ops, ocorreu um erro: fetch failed"}
{"level":"error","message":"Ops, ocorreu um erro: fetch failed"}
{"level":"error","message":"Ops, ocorreu um erro: fetch failed"}
{"level":"error","message":"Ops, ocorreu um erro: fetch failed"}
{"level":"error","message":"Ops, ocorreu um erro: fetch failed"}
{"level":"error","message":"Ops, ocorreu um erro: fetch failed"}
{"level":"error","message":"Ops, ocorreu um erro: fetch failed"}
{"level":"error","message":"Ops, ocorreu um erro: fetch failed"}
{"level":"error","message":"Ops, ocorreu um erro: fetch failed"}
{"level":"error","message":"Ops, ocorreu um erro: fetch failed"}
{"level":"error","message":"Ops, ocorreu um erro: fetch failed"}
{"level":"error","message":"Ops, ocorreu um erro: fetch failed"}
